2026-05-06 12:06:27,675 INFO Initializing AnalyticsService...
2026-05-06 12:06:38,424 INFO Fetching Operational Analytics for window: 7 days. Model Filter: None
2026-05-06 12:06:38,424 INFO Querying Daily Trends from Langfuse...
2026-05-06 12:06:38,943 INFO Successfully fetched Daily Trends (8 days)
2026-05-06 12:06:38,943 INFO Querying Latency Heatmap...
2026-05-06 12:06:39,455 INFO Successfully fetched Heatmap Data (168 samples)
2026-05-06 12:06:39,455 INFO Querying Model Comparison Benchmarks...
2026-05-06 12:06:39,864 INFO Successfully fetched Model Benchmarks (2 models)
2026-05-06 12:07:31,254 INFO Fetching Operational Analytics for window: 15 days. Model Filter: None
2026-05-06 12:07:31,254 INFO Querying Daily Trends from Langfuse...
2026-05-06 12:07:32,397 INFO Successfully fetched Daily Trends (16 days)
2026-05-06 12:07:32,397 INFO Querying Latency Heatmap...
2026-05-06 12:07:36,497 INFO Successfully fetched Heatmap Data (360 samples)
2026-05-06 12:07:36,498 INFO Querying Model Comparison Benchmarks...
2026-05-06 12:07:39,667 INFO Successfully fetched Model Benchmarks (2 models)
2026-05-06 12:12:37,736 INFO Retrying request to /chat/completions in 12.000000 seconds
2026-05-06 12:17:19,207 INFO Fetching Operational Analytics for window: 15 days. Model Filter: None
2026-05-06 12:17:19,207 INFO Querying Daily Trends from Langfuse...
2026-05-06 12:17:20,684 INFO Successfully fetched Daily Trends (16 days)
2026-05-06 12:17:20,684 INFO Querying Latency Heatmap...
2026-05-06 12:17:21,304 INFO Successfully fetched Heatmap Data (361 samples)
2026-05-06 12:17:21,305 INFO Querying Model Comparison Benchmarks...
2026-05-06 12:17:21,713 INFO Successfully fetched Model Benchmarks (3 models)
2026-05-06 12:18:12,398 INFO Fetching Operational Analytics for window: 7 days. Model Filter: None
2026-05-06 12:18:12,398 INFO Querying Daily Trends from Langfuse...
2026-05-06 12:18:13,522 INFO Successfully fetched Daily Trends (8 days)
2026-05-06 12:18:13,522 INFO Querying Latency Heatmap...
2026-05-06 12:18:14,038 INFO Successfully fetched Heatmap Data (169 samples)
2026-05-06 12:18:14,038 INFO Querying Model Comparison Benchmarks...
2026-05-06 12:18:14,320 INFO Successfully fetched Model Benchmarks (3 models)
